<?xml version="1.0" encoding="UTF-8"?>
<testng-results skipped="0" failed="0" total="7" passed="7">
  <reporter-output>
  </reporter-output>
  <suite name="Default suite" duration-ms="331" started-at="2013-02-09T18:54:17Z" finished-at="2013-02-09T18:54:17Z">
    <groups>
      <group name="unit">
        <method signature="ParseLoginResponseFromHeadersTest.testApply()[pri:0, instance:org.jclouds.vcloud.functions.ParseLoginResponseFromHeadersTest@65b60280]" name="testApply" class="org.jclouds.vcloud.functions.ParseLoginResponseFromHeadersTest"/>
        <method signature="ParseLoginResponseFromHeadersTest.testApplyBlueLock()[pri:0, instance:org.jclouds.vcloud.functions.ParseLoginResponseFromHeadersTest@65b60280]" name="testApplyBlueLock" class="org.jclouds.vcloud.functions.ParseLoginResponseFromHeadersTest"/>
        <method signature="ParseLoginResponseFromHeadersTest.testApplyTerremark()[pri:0, instance:org.jclouds.vcloud.functions.ParseLoginResponseFromHeadersTest@65b60280]" name="testApplyTerremark" class="org.jclouds.vcloud.functions.ParseLoginResponseFromHeadersTest"/>
        <method signature="ParseLoginResponseFromHeadersTest.testApplyTerremarkMultipleCookies()[pri:0, instance:org.jclouds.vcloud.functions.ParseLoginResponseFromHeadersTest@65b60280]" name="testApplyTerremarkMultipleCookies" class="org.jclouds.vcloud.functions.ParseLoginResponseFromHeadersTest"/>
        <method signature="ParseLoginResponseFromHeadersTest.testApplyVirtacore()[pri:0, instance:org.jclouds.vcloud.functions.ParseLoginResponseFromHeadersTest@65b60280]" name="testApplyVirtacore" class="org.jclouds.vcloud.functions.ParseLoginResponseFromHeadersTest"/>
        <method signature="ParseLoginResponseFromHeadersTest.testNoThrowsHttpResponseException()[pri:0, instance:org.jclouds.vcloud.functions.ParseLoginResponseFromHeadersTest@65b60280]" name="testNoThrowsHttpResponseException" class="org.jclouds.vcloud.functions.ParseLoginResponseFromHeadersTest"/>
        <method signature="ParseLoginResponseFromHeadersTest.testUnmatchedCookieThrowsHttpResponseException()[pri:0, instance:org.jclouds.vcloud.functions.ParseLoginResponseFromHeadersTest@65b60280]" name="testUnmatchedCookieThrowsHttpResponseException" class="org.jclouds.vcloud.functions.ParseLoginResponseFromHeadersTest"/>
      </group>
    </groups>
    <test name="Default test" duration-ms="331" started-at="2013-02-09T18:54:17Z" finished-at="2013-02-09T18:54:17Z">
      <class name="org.jclouds.vcloud.functions.ParseLoginResponseFromHeadersTest">
        <test-method status="PASS" signature="setUpInjector()[pri:0, instance:org.jclouds.vcloud.functions.ParseLoginResponseFromHeadersTest@65b60280]" name="setUpInjector" is-config="true" duration-ms="214" started-at="2013-02-09T18:54:17Z" finished-at="2013-02-09T18:54:17Z">
        </test-method>
        <test-method status="PASS" signature="setUp()[pri:0, instance:org.jclouds.vcloud.functions.ParseLoginResponseFromHeadersTest@65b60280]" name="setUp" is-config="true" duration-ms="13" started-at="2013-02-09T18:54:17Z" depends-on-methods="org.jclouds.http.functions.BaseHandlerTest.setUpInjector" finished-at="2013-02-09T18:54:17Z">
        </test-method>
        <test-method status="PASS" signature="testApply()[pri:0, instance:org.jclouds.vcloud.functions.ParseLoginResponseFromHeadersTest@65b60280]" name="testApply" duration-ms="69" started-at="2013-02-09T18:54:17Z" finished-at="2013-02-09T18:54:17Z">
        </test-method>
        <test-method status="PASS" signature="testApplyBlueLock()[pri:0, instance:org.jclouds.vcloud.functions.ParseLoginResponseFromHeadersTest@65b60280]" name="testApplyBlueLock" duration-ms="2" started-at="2013-02-09T18:54:17Z" finished-at="2013-02-09T18:54:17Z">
        </test-method>
        <test-method status="PASS" signature="testApplyTerremark()[pri:0, instance:org.jclouds.vcloud.functions.ParseLoginResponseFromHeadersTest@65b60280]" name="testApplyTerremark" duration-ms="6" started-at="2013-02-09T18:54:17Z" finished-at="2013-02-09T18:54:17Z">
        </test-method>
        <test-method status="PASS" signature="testApplyTerremarkMultipleCookies()[pri:0, instance:org.jclouds.vcloud.functions.ParseLoginResponseFromHeadersTest@65b60280]" name="testApplyTerremarkMultipleCookies" duration-ms="2" started-at="2013-02-09T18:54:17Z" finished-at="2013-02-09T18:54:17Z">
        </test-method>
        <test-method status="PASS" signature="testApplyVirtacore()[pri:0, instance:org.jclouds.vcloud.functions.ParseLoginResponseFromHeadersTest@65b60280]" name="testApplyVirtacore" duration-ms="2" started-at="2013-02-09T18:54:17Z" finished-at="2013-02-09T18:54:17Z">
        </test-method>
        <test-method status="PASS" signature="testNoThrowsHttpResponseException()[pri:0, instance:org.jclouds.vcloud.functions.ParseLoginResponseFromHeadersTest@65b60280]" name="testNoThrowsHttpResponseException" duration-ms="3" started-at="2013-02-09T18:54:17Z" finished-at="2013-02-09T18:54:17Z">
          <exception class="org.jclouds.http.HttpResponseException">
            <message>
              <![CDATA[Header x-vcloud-authorization or Set-Cookie must be present]]>
            </message>
            <full-stacktrace>
              <![CDATA[org.jclouds.http.HttpResponseException: Header x-vcloud-authorization or Set-Cookie must be present
	at org.jclouds.vcloud.functions.ParseLoginResponseFromHeaders.parseTokenFromHeaders(ParseLoginResponseFromHeaders.java:102)
	at org.jclouds.vcloud.functions.ParseLoginResponseFromHeaders.apply(ParseLoginResponseFromHeaders.java:70)
	at org.jclouds.vcloud.functions.ParseLoginResponseFromHeadersTest.testNoThrowsHttpResponseException(ParseLoginResponseFromHeadersTest.java:132)
	at sun.reflect.NativeMethodAccessorImpl.invoke0(Native Method)
	at sun.reflect.NativeMethodAccessorImpl.invoke(NativeMethodAccessorImpl.java:39)
	at sun.reflect.DelegatingMethodAccessorImpl.invoke(DelegatingMethodAccessorImpl.java:25)
	at java.lang.reflect.Method.invoke(Method.java:597)
	at org.testng.internal.MethodInvocationHelper.invokeMethod(MethodInvocationHelper.java:80)
	at org.testng.internal.Invoker.invokeMethod(Invoker.java:691)
	at org.testng.internal.Invoker.invokeTestMethod(Invoker.java:883)
	at org.testng.internal.Invoker.invokeTestMethods(Invoker.java:1208)
	at org.testng.internal.TestMethodWorker.invokeTestMethods(TestMethodWorker.java:127)
	at org.testng.internal.TestMethodWorker.run(TestMethodWorker.java:111)
	at org.testng.TestRunner.privateRun(TestRunner.java:758)
	at org.testng.TestRunner.run(TestRunner.java:613)
	at org.testng.SuiteRunner.runTest(SuiteRunner.java:334)
	at org.testng.SuiteRunner.runSequentially(SuiteRunner.java:329)
	at org.testng.SuiteRunner.privateRun(SuiteRunner.java:291)
	at org.testng.SuiteRunner.run(SuiteRunner.java:240)
	at org.testng.SuiteRunnerWorker.runSuite(SuiteRunnerWorker.java:53)
	at org.testng.SuiteRunnerWorker.run(SuiteRunnerWorker.java:87)
	at org.testng.TestNG.runSuitesSequentially(TestNG.java:1142)
	at org.testng.TestNG.runSuitesLocally(TestNG.java:1067)
	at org.testng.TestNG.run(TestNG.java:979)
	at org.testng.remote.RemoteTestNG.run(RemoteTestNG.java:109)
	at org.testng.remote.RemoteTestNG.initAndRun(RemoteTestNG.java:202)
	at org.testng.remote.RemoteTestNG.main(RemoteTestNG.java:173)
]]>
            </full-stacktrace>
          </exception>
        </test-method>
        <test-method status="PASS" signature="testUnmatchedCookieThrowsHttpResponseException()[pri:0, instance:org.jclouds.vcloud.functions.ParseLoginResponseFromHeadersTest@65b60280]" name="testUnmatchedCookieThrowsHttpResponseException" duration-ms="1" started-at="2013-02-09T18:54:17Z" finished-at="2013-02-09T18:54:17Z">
          <exception class="org.jclouds.http.HttpResponseException">
            <message>
              <![CDATA[Header x-vcloud-authorization or Set-Cookie must be present]]>
            </message>
            <full-stacktrace>
              <![CDATA[org.jclouds.http.HttpResponseException: Header x-vcloud-authorization or Set-Cookie must be present
	at org.jclouds.vcloud.functions.ParseLoginResponseFromHeaders.parseTokenFromHeaders(ParseLoginResponseFromHeaders.java:102)
	at org.jclouds.vcloud.functions.ParseLoginResponseFromHeaders.apply(ParseLoginResponseFromHeaders.java:70)
	at org.jclouds.vcloud.functions.ParseLoginResponseFromHeadersTest.testUnmatchedCookieThrowsHttpResponseException(ParseLoginResponseFromHeadersTest.java:122)
	at sun.reflect.NativeMethodAccessorImpl.invoke0(Native Method)
	at sun.reflect.NativeMethodAccessorImpl.invoke(NativeMethodAccessorImpl.java:39)
	at sun.reflect.DelegatingMethodAccessorImpl.invoke(DelegatingMethodAccessorImpl.java:25)
	at java.lang.reflect.Method.invoke(Method.java:597)
	at org.testng.internal.MethodInvocationHelper.invokeMethod(MethodInvocationHelper.java:80)
	at org.testng.internal.Invoker.invokeMethod(Invoker.java:691)
	at org.testng.internal.Invoker.invokeTestMethod(Invoker.java:883)
	at org.testng.internal.Invoker.invokeTestMethods(Invoker.java:1208)
	at org.testng.internal.TestMethodWorker.invokeTestMethods(TestMethodWorker.java:127)
	at org.testng.internal.TestMethodWorker.run(TestMethodWorker.java:111)
	at org.testng.TestRunner.privateRun(TestRunner.java:758)
	at org.testng.TestRunner.run(TestRunner.java:613)
	at org.testng.SuiteRunner.runTest(SuiteRunner.java:334)
	at org.testng.SuiteRunner.runSequentially(SuiteRunner.java:329)
	at org.testng.SuiteRunner.privateRun(SuiteRunner.java:291)
	at org.testng.SuiteRunner.run(SuiteRunner.java:240)
	at org.testng.SuiteRunnerWorker.runSuite(SuiteRunnerWorker.java:53)
	at org.testng.SuiteRunnerWorker.run(SuiteRunnerWorker.java:87)
	at org.testng.TestNG.runSuitesSequentially(TestNG.java:1142)
	at org.testng.TestNG.runSuitesLocally(TestNG.java:1067)
	at org.testng.TestNG.run(TestNG.java:979)
	at org.testng.remote.RemoteTestNG.run(RemoteTestNG.java:109)
	at org.testng.remote.RemoteTestNG.initAndRun(RemoteTestNG.java:202)
	at org.testng.remote.RemoteTestNG.main(RemoteTestNG.java:173)
]]>
            </full-stacktrace>
          </exception>
        </test-method>
        <test-method status="PASS" signature="tearDownInjector()[pri:0, instance:org.jclouds.vcloud.functions.ParseLoginResponseFromHeadersTest@65b60280]" name="tearDownInjector" is-config="true" duration-ms="0" started-at="2013-02-09T18:54:17Z" finished-at="2013-02-09T18:54:17Z">
        </test-method>
      </class>
    </test>
  </suite>
</testng-results>
